<?xml version="1.0" encoding="UTF-8"?>
<!-- Generated by org.testng.reporters.JUnitXMLReporter -->
<testsuite ignored="0" hostname="DESKTOP-TCJQPBH" failures="1" tests="10" name="Test" time="62.911" errors="0" timestamp="2023-08-23T18:21:51 IST">
  <testcase classname="simple.Register" name="Regis" time="1.848"/>
  <testcase classname="simple.Register" name="Sample2" time="1.091"/>
  <testcase classname="simple.Register" name="Simple1" time="4.421"/>
  <testcase classname="simple.Register" name="sample4" time="0.495"/>
  <testcase classname="simple.Demo1" name="testlogin" time="0.759"/>
  <testcase classname="simple.Demo1" name="testinvalid" time="0.654"/>
  <testcase classname="simple.Demo1" name="invalidemail" time="0.805"/>
  <testcase classname="simple.Demo1" name="invalidpassword" time="1.098"/>
  <testcase classname="simple.Demo1" name="nocredentials" time="0.928"/>
  <testcase classname="demo.learn.Search" name="Verifysearchwithvalidproduct" time="1.322">
    <failure type="org.openqa.selenium.ElementClickInterceptedException" message="element click intercepted: Element &amp;lt;button type=&amp;quot;button&amp;quot; class=&amp;quot;btn btn-default btn-lg&amp;quot;&amp;gt;...&amp;lt;/button&amp;gt; is not clickable at point (994, 83). Other element would receive the click: &amp;lt;a href=&amp;quot;https://tutorialsninja.com/demo/index.php?route=account/login&amp;quot;&amp;gt;...&amp;lt;/a&amp;gt;
  (Session info: chrome=115.0.5790.173)
Build info: version: &amp;apos;4.10.0&amp;apos;, revision: &amp;apos;c14d967899&amp;apos;
System info: os.name: &amp;apos;Windows 11&amp;apos;, os.arch: &amp;apos;amd64&amp;apos;, os.version: &amp;apos;10.0&amp;apos;, java.version: &amp;apos;19.0.2&amp;apos;
Driver info: org.openqa.selenium.chrome.ChromeDriver
Command: [2787de00a00bdaedf8ffbd563bf0a679, clickElement {id=41C14E2D04594813DC4A0C2D48DE9AD0_element_63}]
Capabilities {acceptInsecureCerts: false, browserName: chrome, browserVersion: 115.0.5790.173, chrome: {chromedriverVersion: 114.0.5735.16 (7e1ff058633f..., userDataDir: C:\Users\DELLI7~1\AppData\L...}, goog:chromeOptions: {debuggerAddress: localhost:58738}, networkConnectionEnabled: false, pageLoadStrategy: normal, platformName: windows, proxy: Proxy(), se:cdp: ws://localhost:58738/devtoo..., se:cdpVersion: 115.0.5790.173, setWindowRect: true, strictFileInteractability: false, timeouts: {implicit: 0, pageLoad: 300000, script: 30000}, unhandledPromptBehavior: dismiss and notify, webauthn:extension:credBlob: true, webauthn:extension:largeBlob: true, webauthn:extension:minPinLength: true, webauthn:extension:prf: true, webauthn:virtualAuthenticators: true}
Element: [[ChromeDriver: chrome on windows (2787de00a00bdaedf8ffbd563bf0a679)] -&amp;gt; xpath: //div[@id=&amp;apos;search&amp;apos;]/descendant::button]
Session ID: 2787de00a00bdaedf8ffbd563bf0a679">
      <![CDATA[org.openqa.selenium.ElementClickInterceptedException: element click intercepted: Element <button type="button" class="btn btn-default btn-lg">...</button> is not clickable at point (994, 83). Other element would receive the click: <a href="https://tutorialsninja.com/demo/index.php?route=account/login">...</a>
  (Session info: chrome=115.0.5790.173)
Build info: version: '4.10.0', revision: 'c14d967899'
System info: os.name: 'Windows 11', os.arch: 'amd64', os.version: '10.0', java.version: '19.0.2'
Driver info: org.openqa.selenium.chrome.ChromeDriver
Command: [2787de00a00bdaedf8ffbd563bf0a679, clickElement {id=41C14E2D04594813DC4A0C2D48DE9AD0_element_63}]
Capabilities {acceptInsecureCerts: false, browserName: chrome, browserVersion: 115.0.5790.173, chrome: {chromedriverVersion: 114.0.5735.16 (7e1ff058633f..., userDataDir: C:\Users\DELLI7~1\AppData\L...}, goog:chromeOptions: {debuggerAddress: localhost:58738}, networkConnectionEnabled: false, pageLoadStrategy: normal, platformName: windows, proxy: Proxy(), se:cdp: ws://localhost:58738/devtoo..., se:cdpVersion: 115.0.5790.173, setWindowRect: true, strictFileInteractability: false, timeouts: {implicit: 0, pageLoad: 300000, script: 30000}, unhandledPromptBehavior: dismiss and notify, webauthn:extension:credBlob: true, webauthn:extension:largeBlob: true, webauthn:extension:minPinLength: true, webauthn:extension:prf: true, webauthn:virtualAuthenticators: true}
Element: [[ChromeDriver: chrome on windows (2787de00a00bdaedf8ffbd563bf0a679)] -> xpath: //div[@id='search']/descendant::button]
Session ID: 2787de00a00bdaedf8ffbd563bf0a679
at org.openqa.selenium.remote.codec.w3c.W3CHttpResponseCodec.createException(W3CHttpResponseCodec.java:199)
at org.openqa.selenium.remote.codec.w3c.W3CHttpResponseCodec.decode(W3CHttpResponseCodec.java:132)
at org.openqa.selenium.remote.codec.w3c.W3CHttpResponseCodec.decode(W3CHttpResponseCodec.java:51)
at org.openqa.selenium.remote.HttpCommandExecutor.execute(HttpCommandExecutor.java:191)
at org.openqa.selenium.remote.service.DriverCommandExecutor.invokeExecute(DriverCommandExecutor.java:196)
at org.openqa.selenium.remote.service.DriverCommandExecutor.execute(DriverCommandExecutor.java:171)
at org.openqa.selenium.remote.RemoteWebDriver.execute(RemoteWebDriver.java:531)
at org.openqa.selenium.remote.RemoteWebElement.execute(RemoteWebElement.java:242)
at org.openqa.selenium.remote.RemoteWebElement.click(RemoteWebElement.java:77)
at demo.learn.Search.Verifysearchwithvalidproduct(Search.java:24)
at java.base/java.util.ArrayList.forEach(ArrayList.java:1511)
... Removed 28 stack frames]]>
    </failure>
  </testcase> <!-- Verifysearchwithvalidproduct -->
</testsuite> <!-- Test -->
